This is pdfTeXk, Version 3.141592-1.40.3 (Web2C 7.5.6) (format=latex 2008.8.10)  20 SEP 2008 13:19
entering extended mode
 %&-line parsing enabled.
**trabalho_full.tex
(./trabalho_full.tex
LaTeX2e <2005/12/01>
Babel <v3.8h> and hyphenation patterns for english, usenglishmax, dumylang, noh
yphenation, loaded.
(/usr/share/texmf/tex/latex/abntex/abnt.cls
(/usr/share/texmf/tex/latex/abntex/cvs-id.def)
Document Class: abnt 2006/09/09 v1.32 Classe abnt (NBR6024, NBR6027, NBR6028, N
BR14724)
(/usr/share/texmf-texlive/tex/latex/base/ifthen.sty
Package: ifthen 2001/05/26 v1.1c Standard LaTeX ifthen package (DPC)
)
(/usr/share/texmf-texlive/tex/latex/tools/calc.sty
Package: calc 2005/08/06 v4.2 Infix arithmetic (KKT,FJ)
\calc@Acount=\count79
\calc@Bcount=\count80
\calc@Adimen=\dimen102
\calc@Bdimen=\dimen103
\calc@Askip=\skip41
\calc@Bskip=\skip42
LaTeX Info: Redefining \setlength on input line 75.
LaTeX Info: Redefining \addtolength on input line 76.
\calc@Ccount=\count81
\calc@Cskip=\skip43
)
(/usr/share/texmf-texlive/tex/latex/tools/multicol.sty
Package: multicol 2006/05/18 v1.6g multicolumn formatting (FMi)
\c@tracingmulticols=\count82
\mult@box=\box26
\multicol@leftmargin=\dimen104
\c@unbalance=\count83
\c@collectmore=\count84
\doublecol@number=\count85
\multicoltolerance=\count86
\multicolpretolerance=\count87
\full@width=\dimen105
\page@free=\dimen106
\premulticols=\dimen107
\postmulticols=\dimen108
\multicolsep=\skip44
\multicolbaselineskip=\skip45
\partial@page=\box27
\last@line=\box28
\mult@rightbox=\box29
\mult@grightbox=\box30
\mult@gfirstbox=\box31
\mult@firstbox=\box32
\@tempa=\box33
\@tempa=\box34
\@tempa=\box35
\@tempa=\box36
\@tempa=\box37
\@tempa=\box38
\@tempa=\box39
\@tempa=\box40
\@tempa=\box41
\@tempa=\box42
\@tempa=\box43
\@tempa=\box44
\@tempa=\box45
\@tempa=\box46
\@tempa=\box47
\@tempa=\box48
\@tempa=\box49
\c@columnbadness=\count88
\c@finalcolumnbadness=\count89
\last@try=\dimen109
\multicolovershoot=\dimen110
\multicolundershoot=\dimen111
\mult@nat@firstbox=\box50
\colbreak@box=\box51
)
(/usr/share/texmf/tex/latex/abntex/abntex-abrev.sty
(/usr/share/texmf/tex/latex/abntex/cvs-id.def)
Package: abntex-abrev 2005/11/14 v1.4 Abreviacoes

(/usr/share/texmf/tex/latex/abntex/nbr10522-1988.def
(/usr/share/texmf/tex/latex/abntex/cvs-id.def)
File: nbr10522-1988.def 2003/10/13 v1.2 Abreviacoes bibliograficas (NBR10522:19
88)
)
(/usr/share/texmf/tex/latex/abntex/abntex-abrev-pt_BR.def
(/usr/share/texmf/tex/latex/abntex/cvs-id.def)
File: abntex-abrev-pt_BR.def 2005/11/14 v1.3 definicao de abntex-abrev, traduca
o de termos en_US/pt_BR
))
(/usr/share/texmf/tex/latex/abntex/abntex-text.sty
(/usr/share/texmf/tex/latex/abntex/cvs-id.def)
Package: abntex-text 2005/11/14 v1.1 abnTeX text replacements

(/usr/share/texmf/tex/latex/abntex/abntex-text-pt_BR.def
(/usr/share/texmf/tex/latex/abntex/cvs-id.def)
File: abntex-text-pt_BR.def 2005/12/21 v1.2 Definicao de nomes em Portugues/Bra
sil (pt_BR)
))
(/usr/share/texmf/tex/latex/abntex/abntex-default-design.sty
(/usr/share/texmf/tex/latex/abntex/cvs-id.def)
Package: abntex-default-design 2005/06/22 v1.2 Definicoes de design padrao do a
bntex

(/usr/share/texmf-texlive/tex/latex/ltxmisc/relsize.sty
Package: relsize 2003/07/04 ver 3.1


Package relsize Warning: Failed to get list of font sizes.
(relsize)                Falling back to old definition. on input line 81.

)
\ABNTanapindent=\skip46
\ABNTsignwidth=\skip47
\ABNTsignthickness=\skip48
\ABNTsignskip=\skip49
) (/usr/share/texmf/tex/latex/abntex/nbr6027-1989.def)
(/usr/share/texmf/tex/latex/abntex/nbr14724-2001.def)
(/usr/share/texmf-texlive/tex/latex/base/report.cls
Document Class: report 2005/09/16 v1.4f Standard LaTeX document class
(/usr/share/texmf-texlive/tex/latex/base/size12.clo
File: size12.clo 2005/09/16 v1.4f Standard LaTeX file (size option)
)
\c@part=\count90
\c@chapter=\count91
\c@section=\count92
\c@subsection=\count93
\c@subsubsection=\count94
\c@paragraph=\count95
\c@subparagraph=\count96
\c@figure=\count97
\c@table=\count98
\abovecaptionskip=\skip50
\belowcaptionskip=\skip51
\bibindent=\dimen112
)
(/usr/share/texmf-texlive/tex/latex/setspace/setspace.sty
Package: setspace 2000/12/01 6.7 Contributed and Supported LaTeX2e package

Package: `setspace' 6.7 <2000/12/01>
) (/usr/share/texmf-texlive/tex/latex/psnfss/mathptmx.sty
Package: mathptmx 2005/04/12 PSNFSS-v9.2a Times w/ Math, improved (SPQR, WaS) 
LaTeX Font Info:    Redeclaring symbol font `operators' on input line 28.
LaTeX Font Info:    Overwriting symbol font `operators' in version `normal'
(Font)                  OT1/cmr/m/n --> OT1/ztmcm/m/n on input line 28.
LaTeX Font Info:    Overwriting symbol font `operators' in version `bold'
(Font)                  OT1/cmr/bx/n --> OT1/ztmcm/m/n on input line 28.
LaTeX Font Info:    Redeclaring symbol font `letters' on input line 29.
LaTeX Font Info:    Overwriting symbol font `letters' in version `normal'
(Font)                  OML/cmm/m/it --> OML/ztmcm/m/it on input line 29.
LaTeX Font Info:    Overwriting symbol font `letters' in version `bold'
(Font)                  OML/cmm/b/it --> OML/ztmcm/m/it on input line 29.
LaTeX Font Info:    Redeclaring symbol font `symbols' on input line 30.
LaTeX Font Info:    Overwriting symbol font `symbols' in version `normal'
(Font)                  OMS/cmsy/m/n --> OMS/ztmcm/m/n on input line 30.
LaTeX Font Info:    Overwriting symbol font `symbols' in version `bold'
(Font)                  OMS/cmsy/b/n --> OMS/ztmcm/m/n on input line 30.
LaTeX Font Info:    Redeclaring symbol font `largesymbols' on input line 31.
LaTeX Font Info:    Overwriting symbol font `largesymbols' in version `normal'
(Font)                  OMX/cmex/m/n --> OMX/ztmcm/m/n on input line 31.
LaTeX Font Info:    Overwriting symbol font `largesymbols' in version `bold'
(Font)                  OMX/cmex/m/n --> OMX/ztmcm/m/n on input line 31.
\symbold=\mathgroup4
\symitalic=\mathgroup5
LaTeX Font Info:    Redeclaring math alphabet \mathbf on input line 34.
LaTeX Font Info:    Overwriting math alphabet `\mathbf' in version `normal'
(Font)                  OT1/cmr/bx/n --> OT1/ptm/bx/n on input line 34.
LaTeX Font Info:    Overwriting math alphabet `\mathbf' in version `bold'
(Font)                  OT1/cmr/bx/n --> OT1/ptm/bx/n on input line 34.
LaTeX Font Info:    Redeclaring math alphabet \mathit on input line 35.
LaTeX Font Info:    Overwriting math alphabet `\mathit' in version `normal'
(Font)                  OT1/cmr/m/it --> OT1/ptm/m/it on input line 35.
LaTeX Font Info:    Overwriting math alphabet `\mathit' in version `bold'
(Font)                  OT1/cmr/bx/it --> OT1/ptm/m/it on input line 35.
LaTeX Info: Redefining \hbar on input line 50.
)
(/usr/share/texmf-texlive/tex/latex/psnfss/helvet.sty
Package: helvet 2005/04/12 PSNFSS-v9.2a (WaS) 

(/usr/share/texmf-texlive/tex/latex/graphics/keyval.sty
Package: keyval 1999/03/16 v1.13 key=value parser (DPC)
\KV@toks@=\toks14
))
(/usr/share/texmf-texlive/tex/latex/tools/indentfirst.sty
Package: indentfirst 1995/11/23 v1.03 Indent first paragraph (DPC)
))
(/usr/share/texmf-texlive/tex/generic/babel/babel.sty
Package: babel 2005/11/23 v3.8h The Babel package

(/usr/share/texmf-texlive/tex/generic/babel/portuges.ldf
Language: portuges 2005/03/31 v1.2p Portuguese support from the babel system

(/usr/share/texmf-texlive/tex/generic/babel/babel.def
File: babel.def 2005/11/23 v3.8h Babel common definitions
\babel@savecnt=\count99
\U@D=\dimen113
)

Package babel Warning: No hyphenation patterns were loaded for
(babel)                the language `Portuguese'
(babel)                I will use the patterns loaded for \language=0 instead.

\l@portuges = a dialect from \language0
\l@brazil = a dialect from \language\l@portuges 
Package babel Info: Making " an active character on input line 145.
)) (/usr/share/texmf-texlive/tex/latex/geometry/geometry.sty
Package: geometry 2002/07/08 v3.2 Page Geometry
\Gm@cnth=\count100
\Gm@cntv=\count101
\c@Gm@tempcnt=\count102
\Gm@bindingoffset=\dimen114
\Gm@wd@mp=\dimen115
\Gm@odd@mp=\dimen116
\Gm@even@mp=\dimen117
\Gm@dimlist=\toks15
)
(/usr/share/texmf-texlive/tex/latex/base/inputenc.sty
Package: inputenc 2006/05/05 v1.1b Input encoding file
\inpenc@prehook=\toks16
\inpenc@posthook=\toks17

(/usr/share/texmf-texlive/tex/latex/base/utf8.def
File: utf8.def 2006/03/30 v1.1i UTF-8 support for inputenc
Now handling font encoding OML ...
... no UTF-8 mapping file for font encoding OML
Now handling font encoding T1 ...
... processing UTF-8 mapping file for font encodingT1

(/usr/share/texmf-texlive/tex/latex/base/t1enc.dfu
File: t1enc.dfu 2006/03/30 v1.1i UTF-8 support for inputenc
   defining Unicode char U+00A1 (decimal 161)
   defining Unicode char U+00A3 (decimal 163)
   defining Unicode char U+00AB (decimal 171)
   defining Unicode char U+00BB (decimal 187)
   defining Unicode char U+00BF (decimal 191)
   defining Unicode char U+00C0 (decimal 192)
   defining Unicode char U+00C1 (decimal 193)
   defining Unicode char U+00C2 (decimal 194)
   defining Unicode char U+00C3 (decimal 195)
   defining Unicode char U+00C4 (decimal 196)
   defining Unicode char U+00C5 (decimal 197)
   defining Unicode char U+00C6 (decimal 198)
   defining Unicode char U+00C7 (decimal 199)
   defining Unicode char U+00C8 (decimal 200)
   defining Unicode char U+00C9 (decimal 201)
   defining Unicode char U+00CA (decimal 202)
   defining Unicode char U+00CB (decimal 203)
   defining Unicode char U+00CC (decimal 204)
   defining Unicode char U+00CD (decimal 205)
   defining Unicode char U+00CE (decimal 206)
   defining Unicode char U+00CF (decimal 207)
   defining Unicode char U+00D0 (decimal 208)
   defining Unicode char U+00D1 (decimal 209)
   defining Unicode char U+00D2 (decimal 210)
   defining Unicode char U+00D3 (decimal 211)
   defining Unicode char U+00D4 (decimal 212)
   defining Unicode char U+00D5 (decimal 213)
   defining Unicode char U+00D6 (decimal 214)
   defining Unicode char U+00D8 (decimal 216)
   defining Unicode char U+00D9 (decimal 217)
   defining Unicode char U+00DA (decimal 218)
   defining Unicode char U+00DB (decimal 219)
   defining Unicode char U+00DC (decimal 220)
   defining Unicode char U+00DD (decimal 221)
   defining Unicode char U+00DE (decimal 222)
   defining Unicode char U+00DF (decimal 223)
   defining Unicode char U+00E0 (decimal 224)
   defining Unicode char U+00E1 (decimal 225)
   defining Unicode char U+00E2 (decimal 226)
   defining Unicode char U+00E3 (decimal 227)
   defining Unicode char U+00E4 (decimal 228)
   defining Unicode char U+00E5 (decimal 229)
   defining Unicode char U+00E6 (decimal 230)
   defining Unicode char U+00E7 (decimal 231)
   defining Unicode char U+00E8 (decimal 232)
   defining Unicode char U+00E9 (decimal 233)
   defining Unicode char U+00EA (decimal 234)
   defining Unicode char U+00EB (decimal 235)
   defining Unicode char U+00EC (decimal 236)
   defining Unicode char U+00ED (decimal 237)
   defining Unicode char U+00EE (decimal 238)
   defining Unicode char U+00EF (decimal 239)
   defining Unicode char U+00F0 (decimal 240)
   defining Unicode char U+00F1 (decimal 241)
   defining Unicode char U+00F2 (decimal 242)
   defining Unicode char U+00F3 (decimal 243)
   defining Unicode char U+00F4 (decimal 244)
   defining Unicode char U+00F5 (decimal 245)
   defining Unicode char U+00F6 (decimal 246)
   defining Unicode char U+00F8 (decimal 248)
   defining Unicode char U+00F9 (decimal 249)
   defining Unicode char U+00FA (decimal 250)
   defining Unicode char U+00FB (decimal 251)
   defining Unicode char U+00FC (decimal 252)
   defining Unicode char U+00FD (decimal 253)
   defining Unicode char U+00FE (decimal 254)
   defining Unicode char U+00FF (decimal 255)
   defining Unicode char U+0102 (decimal 258)
   defining Unicode char U+0103 (decimal 259)
   defining Unicode char U+0104 (decimal 260)
   defining Unicode char U+0105 (decimal 261)
   defining Unicode char U+0106 (decimal 262)
   defining Unicode char U+0107 (decimal 263)
   defining Unicode char U+010C (decimal 268)
   defining Unicode char U+010D (decimal 269)
   defining Unicode char U+010E (decimal 270)
   defining Unicode char U+010F (decimal 271)
   defining Unicode char U+0110 (decimal 272)
   defining Unicode char U+0111 (decimal 273)
   defining Unicode char U+0118 (decimal 280)
   defining Unicode char U+0119 (decimal 281)
   defining Unicode char U+011A (decimal 282)
   defining Unicode char U+011B (decimal 283)
   defining Unicode char U+011E (decimal 286)
   defining Unicode char U+011F (decimal 287)
   defining Unicode char U+0130 (decimal 304)
   defining Unicode char U+0131 (decimal 305)
   defining Unicode char U+0132 (decimal 306)
   defining Unicode char U+0133 (decimal 307)
   defining Unicode char U+0139 (decimal 313)
   defining Unicode char U+013A (decimal 314)
   defining Unicode char U+013D (decimal 317)
   defining Unicode char U+013E (decimal 318)
   defining Unicode char U+0141 (decimal 321)
   defining Unicode char U+0142 (decimal 322)
   defining Unicode char U+0143 (decimal 323)
   defining Unicode char U+0144 (decimal 324)
   defining Unicode char U+0147 (decimal 327)
   defining Unicode char U+0148 (decimal 328)
   defining Unicode char U+014A (decimal 330)
   defining Unicode char U+014B (decimal 331)
   defining Unicode char U+0150 (decimal 336)
   defining Unicode char U+0151 (decimal 337)
   defining Unicode char U+0152 (decimal 338)
   defining Unicode char U+0153 (decimal 339)
   defining Unicode char U+0154 (decimal 340)
   defining Unicode char U+0155 (decimal 341)
   defining Unicode char U+0158 (decimal 344)
   defining Unicode char U+0159 (decimal 345)
   defining Unicode char U+015A (decimal 346)
   defining Unicode char U+015B (decimal 347)
   defining Unicode char U+015E (decimal 350)
   defining Unicode char U+015F (decimal 351)
   defining Unicode char U+0160 (decimal 352)
   defining Unicode char U+0161 (decimal 353)
   defining Unicode char U+0162 (decimal 354)
   defining Unicode char U+0163 (decimal 355)
   defining Unicode char U+0164 (decimal 356)
   defining Unicode char U+0165 (decimal 357)
   defining Unicode char U+016E (decimal 366)
   defining Unicode char U+016F (decimal 367)
   defining Unicode char U+0170 (decimal 368)
   defining Unicode char U+0171 (decimal 369)
   defining Unicode char U+0178 (decimal 376)
   defining Unicode char U+0179 (decimal 377)
   defining Unicode char U+017A (decimal 378)
   defining Unicode char U+017B (decimal 379)
   defining Unicode char U+017C (decimal 380)
   defining Unicode char U+017D (decimal 381)
   defining Unicode char U+017E (decimal 382)
   defining Unicode char U+200C (decimal 8204)
   defining Unicode char U+2013 (decimal 8211)
   defining Unicode char U+2014 (decimal 8212)
   defining Unicode char U+2018 (decimal 8216)
   defining Unicode char U+2019 (decimal 8217)
   defining Unicode char U+201A (decimal 8218)
   defining Unicode char U+201C (decimal 8220)
   defining Unicode char U+201D (decimal 8221)
   defining Unicode char U+201E (decimal 8222)
   defining Unicode char U+2030 (decimal 8240)
   defining Unicode char U+2031 (decimal 8241)
   defining Unicode char U+2039 (decimal 8249)
   defining Unicode char U+203A (decimal 8250)
   defining Unicode char U+2423 (decimal 9251)
)
Now handling font encoding OT1 ...
... processing UTF-8 mapping file for font encodingOT1

(/usr/share/texmf-texlive/tex/latex/base/ot1enc.dfu
File: ot1enc.dfu 2006/03/30 v1.1i UTF-8 support for inputenc
   defining Unicode char U+00A1 (decimal 161)
   defining Unicode char U+00A3 (decimal 163)
   defining Unicode char U+00B8 (decimal 184)
   defining Unicode char U+00BF (decimal 191)
   defining Unicode char U+00C5 (decimal 197)
   defining Unicode char U+00C6 (decimal 198)
   defining Unicode char U+00D8 (decimal 216)
   defining Unicode char U+00DF (decimal 223)
   defining Unicode char U+00E6 (decimal 230)
   defining Unicode char U+00EC (decimal 236)
   defining Unicode char U+00ED (decimal 237)
   defining Unicode char U+00EE (decimal 238)
   defining Unicode char U+00EF (decimal 239)
   defining Unicode char U+00F8 (decimal 248)
   defining Unicode char U+0131 (decimal 305)
   defining Unicode char U+0141 (decimal 321)
   defining Unicode char U+0142 (decimal 322)
   defining Unicode char U+0152 (decimal 338)
   defining Unicode char U+0153 (decimal 339)
   defining Unicode char U+2013 (decimal 8211)
   defining Unicode char U+2014 (decimal 8212)
   defining Unicode char U+2018 (decimal 8216)
   defining Unicode char U+2019 (decimal 8217)
   defining Unicode char U+201C (decimal 8220)
   defining Unicode char U+201D (decimal 8221)
)
Now handling font encoding OMS ...
... processing UTF-8 mapping file for font encodingOMS

(/usr/share/texmf-texlive/tex/latex/base/omsenc.dfu
File: omsenc.dfu 2006/03/30 v1.1i UTF-8 support for inputenc
   defining Unicode char U+00A7 (decimal 167)
   defining Unicode char U+00B6 (decimal 182)
   defining Unicode char U+00B7 (decimal 183)
   defining Unicode char U+2020 (decimal 8224)
   defining Unicode char U+2021 (decimal 8225)
   defining Unicode char U+2022 (decimal 8226)
)
Now handling font encoding OMX ...
... no UTF-8 mapping file for font encoding OMX
Now handling font encoding U ...
... no UTF-8 mapping file for font encoding U
   defining Unicode char U+00A9 (decimal 169)
   defining Unicode char U+00AA (decimal 170)
   defining Unicode char U+00AE (decimal 174)
   defining Unicode char U+00BA (decimal 186)
   defining Unicode char U+02C6 (decimal 710)
   defining Unicode char U+02DC (decimal 732)
   defining Unicode char U+200C (decimal 8204)
   defining Unicode char U+2026 (decimal 8230)
   defining Unicode char U+2122 (decimal 8482)
   defining Unicode char U+2423 (decimal 9251)
))
(/usr/share/texmf-texlive/tex/latex/graphics/graphicx.sty
Package: graphicx 1999/02/16 v1.0f Enhanced LaTeX Graphics (DPC,SPQR)

(/usr/share/texmf-texlive/tex/latex/graphics/graphics.sty
Package: graphics 2006/02/20 v1.0o Standard LaTeX Graphics (DPC,SPQR)

(/usr/share/texmf-texlive/tex/latex/graphics/trig.sty
Package: trig 1999/03/16 v1.09 sin cos tan (DPC)
)
(/etc/texmf/tex/latex/config/graphics.cfg
File: graphics.cfg 2007/01/18 v1.5 graphics configuration of teTeX/TeXLive
)
Package graphics Info: Driver file: dvips.def on input line 90.

(/usr/share/texmf-texlive/tex/latex/graphics/dvips.def
File: dvips.def 1999/02/16 v3.0i Driver-dependant file (DPC,SPQR)
))
\Gin@req@height=\dimen118
\Gin@req@width=\dimen119
)
(/usr/share/texmf-texlive/tex/latex/amsfonts/amssymb.sty
Package: amssymb 2002/01/22 v2.2d

(/usr/share/texmf-texlive/tex/latex/amsfonts/amsfonts.sty
Package: amsfonts 2001/10/25 v2.2f
\@emptytoks=\toks18
\symAMSa=\mathgroup6
\symAMSb=\mathgroup7
LaTeX Font Info:    Overwriting math alphabet `\mathfrak' in version `bold'
(Font)                  U/euf/m/n --> U/euf/b/n on input line 132.
))
(/usr/share/texmf-texlive/tex/latex/oberdiek/epstopdf.sty
Package: epstopdf 2006/08/26 v1.3 Conversion with epstopdf on the fly (HO)


Package epstopdf Warning: Graphics driver file `pdftex.def' not found.

) (/usr/share/texmf-texlive/tex/latex/ltxmisc/url.sty
\Urlmuskip=\muskip10
Package: url 2005/06/27  ver 3.2  Verb mode for urls, etc.
) (./trabalho_full.aux)
\openout1 = `trabalho_full.aux'.

LaTeX Font Info:    Checking defaults for OML/cmm/m/it on input line 27.
LaTeX Font Info:    ... okay on input line 27.
LaTeX Font Info:    Checking defaults for T1/cmr/m/n on input line 27.
LaTeX Font Info:    ... okay on input line 27.
LaTeX Font Info:    Checking defaults for OT1/cmr/m/n on input line 27.
LaTeX Font Info:    ... okay on input line 27.
LaTeX Font Info:    Checking defaults for OMS/cmsy/m/n on input line 27.
LaTeX Font Info:    ... okay on input line 27.
LaTeX Font Info:    Checking defaults for OMX/cmex/m/n on input line 27.
LaTeX Font Info:    ... okay on input line 27.
LaTeX Font Info:    Checking defaults for U/cmr/m/n on input line 27.
LaTeX Font Info:    ... okay on input line 27.
LaTeX Font Info:    Try loading font information for OT1+ptm on input line 27.

(/usr/share/texmf-texlive/tex/latex/psnfss/ot1ptm.fd
File: ot1ptm.fd 2001/06/04 font definitions for OT1/ptm.
)
\big@size=\dimen120
-------------------- Geometry parameters
paper: class default
landscape: --
twocolumn: --
twoside: --
asymmetric: --
h-parts: 89.62709pt, 0.7\paperwidth , 89.6271pt (default)
v-parts: 101.40665pt, 0.7\paperheight , 152.11pt (default)
hmarginratio: 1:1
vmarginratio: 2:3
lines: --
heightrounded: --
bindingoffset: 0.0pt
truedimen: --
includehead: --
includefoot: --
includemp: --
driver: 
-------------------- Page layout dimensions and switches
\paperwidth  597.50787pt
\paperheight 845.04684pt
\textwidth  418.25368pt
\textheight 591.5302pt
\oddsidemargin  17.3571pt
\evensidemargin 17.3571pt
\topmargin  -5.00656pt
\headheight 12.0pt
\headsep    22.14322pt
\footskip   30.0pt
\marginparwidth 35.0pt
\marginparsep   10.0pt
\columnsep  10.0pt
\skip\footins  10.8pt plus 4.0pt minus 2.0pt
\hoffset 0.0pt
\voffset 0.0pt
\mag 1000

(1in=72.27pt, 1cm=28.45pt)
-----------------------
LaTeX Font Info:    Font shape `OT1/ptm/bx/n' in size <14.4> not available
(Font)              Font shape `OT1/ptm/b/n' tried instead on input line 28.
LaTeX Font Info:    Try loading font information for OT1+ztmcm on input line 28
.

(/usr/share/texmf-texlive/tex/latex/psnfss/ot1ztmcm.fd
File: ot1ztmcm.fd 2000/01/03 Fontinst v1.801 font definitions for OT1/ztmcm.
)
LaTeX Font Info:    Try loading font information for OML+ztmcm on input line 28
.

(/usr/share/texmf-texlive/tex/latex/psnfss/omlztmcm.fd
File: omlztmcm.fd 2000/01/03 Fontinst v1.801 font definitions for OML/ztmcm.
)
LaTeX Font Info:    Try loading font information for OMS+ztmcm on input line 28
.

(/usr/share/texmf-texlive/tex/latex/psnfss/omsztmcm.fd
File: omsztmcm.fd 2000/01/03 Fontinst v1.801 font definitions for OMS/ztmcm.
)
LaTeX Font Info:    Try loading font information for OMX+ztmcm on input line 28
.

(/usr/share/texmf-texlive/tex/latex/psnfss/omxztmcm.fd
File: omxztmcm.fd 2000/01/03 Fontinst v1.801 font definitions for OMX/ztmcm.
)
LaTeX Font Info:    Font shape `OT1/ptm/bx/n' in size <12> not available
(Font)              Font shape `OT1/ptm/b/n' tried instead on input line 28.
LaTeX Font Info:    Font shape `OT1/ptm/bx/n' in size <9> not available
(Font)              Font shape `OT1/ptm/b/n' tried instead on input line 28.
LaTeX Font Info:    Font shape `OT1/ptm/bx/n' in size <7> not available
(Font)              Font shape `OT1/ptm/b/n' tried instead on input line 28.
LaTeX Font Info:    Font shape `OT1/ptm/bx/n' in size <20.74> not available
(Font)              Font shape `OT1/ptm/b/n' tried instead on input line 28.
LaTeX Font Info:    Font shape `OT1/ptm/bx/it' in size <20.74> not available
(Font)              Font shape `OT1/ptm/b/it' tried instead on input line 28.

Underfull \hbox (badness 2698) in paragraph at lines 28--28
[]\OT1/ptm/m/n/12 [melhorar]Projeto e de-sen-volvi-mento de
 []

[1

]
LaTeX Font Info:    Font shape `OT1/ptm/bx/n' in size <24.88> not available
(Font)              Font shape `OT1/ptm/b/n' tried instead on input line 34.
LaTeX Font Info:    Font shape `OT1/ptm/bx/it' in size <24.88> not available
(Font)              Font shape `OT1/ptm/b/it' tried instead on input line 34.
 [3

] (./trabalho_full.toc
LaTeX Font Info:    Font shape `OT1/ptm/bx/it' in size <12> not available
(Font)              Font shape `OT1/ptm/b/it' tried instead on input line 2.
 [4

])
\tf@toc=\write3
\openout3 = `trabalho_full.toc'.

 [5]
Cap\'{\i }tulo 1.
LaTeX Font Info:    Font shape `OT1/ptm/bx/n' in size <17.28> not available
(Font)              Font shape `OT1/ptm/b/n' tried instead on input line 51.

Overfull \hbox (9.4193pt too wide) in paragraph at lines 55--56
[]\OT1/ptm/m/n/12 Neste sen-tido, []e im-por-tante que o aluno tenha con-hec-i-
mento tanto da teo-ria econ[]omica
 []


Overfull \hbox (13.08223pt too wide) in paragraph at lines 55--56
\OT1/ptm/m/n/12 en-volvida quanto do in-stru-men-tal matem[]atico necess[]ario 
para a mod-e-lagem dos fen[]omenos
 []

LaTeX Font Info:    Font shape `OT1/ptm/bx/n' in size <10> not available
(Font)              Font shape `OT1/ptm/b/n' tried instead on input line 57.
LaTeX Font Info:    Font shape `OT1/ptm/bx/n' in size <7.4> not available
(Font)              Font shape `OT1/ptm/b/n' tried instead on input line 57.
LaTeX Font Info:    Font shape `OT1/ptm/bx/n' in size <6> not available
(Font)              Font shape `OT1/ptm/b/n' tried instead on input line 57.

Overfull \hbox (30.24086pt too wide) in paragraph at lines 59--60
\OT1/ptm/m/n/12 tas profis-sion-ais: elas au-tom-a-ti-zam muitos dos pro-ces-so
s alg[]ebricos (regress[]oes, aproxima[][]oes
 []


Overfull \hbox (14.16017pt too wide) in paragraph at lines 61--62
[]\OT1/ptm/m/n/12 No ex-tremo oposto, h[]a pro-fes-sores que pref-erem o uso de
 um am-bi-ente de programa[][]ao
 []

[6


]
Overfull \hbox (30.33852pt too wide) in paragraph at lines 63--64
\OT1/ptm/m/n/12 pr[]oprios da-dos e sug-erir mudan[]as nos al-go-rit-mos (caso 
tenha o con-hec-i-mento de programa[][]ao
 []


Overfull \hbox (1.71425pt too wide) in paragraph at lines 74--75
[]\OT1/ptm/m/n/12 A introdu[][]ao do ma-te-rial did[]atico (daqui em di-ante re
f-er-en-ci-ado sim-ples-mente como
 []

[7]
LaTeX Font Info:    Try loading font information for OMS+ptm on input line 76.
 (/usr/share/texmf-texlive/tex/latex/psnfss/omsptm.fd
File: omsptm.fd 
)
LaTeX Font Info:    Font shape `OMS/ptm/m/n' in size <12> not available
(Font)              Font shape `OMS/cmsy/m/n' tried instead on input line 76.
 [8] [9]
Cap\'{\i }tulo 2.
[10

]
Overfull \hbox (5.12389pt too wide) in paragraph at lines 121--122
[]\OT1/ptm/m/n/12 Tem a seu fa-vor um ex-ce-lente balan[]o en-tre per-for-mance
 e fa-cil-i-dade de programa[][]ao
 []

[11] [12]
Overfull \hbox (32.35324pt too wide) in paragraph at lines 133--133
[]\OT1/ptm/b/n/17.28 Ambiente de De-sen-volvi-mento, Compila[][]ao e Publica[][
]ao 
 []


Overfull \hbox (6.47743pt too wide) in paragraph at lines 139--140
\OT1/ptm/m/n/12 ($\OT1/cmtt/m/n/12 http : / / eclipse . org$\OT1/ptm/m/n/12 ) s
er[]a uti-lizado como fer-ra-menta base, sem-pre tomando o cuidado
 []

[13]
Overfull \hbox (15.6377pt too wide) in paragraph at lines 152--153
[]\OT1/ptm/m/n/12 Uma ca-mada de opera[][]oes (back-end) tais como: ar-mazena-m
ento de da-dos, execu[][]ao
 []

[14]
Overfull \hbox (7.17479pt too wide) in paragraph at lines 178--179
[]\OT1/ptm/m/n/12 Tal car-ac-ter[]^^Pstica, ali-ada []a im-port[]ancia que os d
a-dos rep-re-sen-tam para as organiza[][]oes
 []


Underfull \hbox (badness 6876) in paragraph at lines 180--180
[][]\OT1/ptm/m/n/10 Citar $\OT1/cmtt/m/n/10 http : / / www . agiledata . org / 
essays / mappingObjects . html$ \OT1/ptm/m/n/10 se n[]ao hou-ver nada
 []

[15]
Overfull \hbox (1.11792pt too wide) in paragraph at lines 182--183
\OT1/ptm/m/n/12 coloca um prob-lema: como rep-re-sen-tar a riqueza gra-mat-i-ca
l dos el-e-men-tos da orienta[][]ao
 []


Underfull \hbox (badness 10000) in paragraph at lines 184--184
[][]\OT1/ptm/m/n/10 Uma lista am-pla pode ser en-con-trada em $\OT1/cmtt/m/n/10
 http : / / java-[]source . net / open-[]source /
 []

[16]
Overfull \hbox (14.9507pt too wide) in paragraph at lines 188--189
[]\OT1/ptm/m/n/12 Uma outra t[]ecnica para im-ple-men-tar o con-ceito de per-si
st[]encia []e a chamada preval[]encia
 []


Overfull \hbox (9.2265pt too wide) in paragraph at lines 198--199
[]\OT1/ptm/m/n/12 A conex[]ao en-tre eles []e feita pelo con-troller: um com-po
-nente que, para cada solicita[][]ao
 []

[17]
Overfull \hbox (0.14453pt too wide) in paragraph at lines 203--204
\OT1/ptm/m/n/12 bib-lioteca de apresenta[][]ao bas-tante rica e evolu[][]ao con
-stante. Sua maior limita[][]ao
 []

[18] [19] [20]
Cap\'{\i }tulo 3.
[21

]
Cap\'{\i }tulo 4.
[22

] [23]
Cap\'{\i }tulo 5.
[24

]
Cap\'{\i }tulo 6.
[25

]
Apendice A.
(./trabalho_full.bbl [26

])
+-------------------------------------------------------------------+
| Comentario, sugestao ou critica sobre o abnTeX? Entre em contato: |
|                  http://abntex.codigolivre.org.br                 |
+-------------------------------------------------------------------+
[27

] (./trabalho_full.aux) ) 
Here is how much of TeX's memory you used:
 2708 strings out of 95087
 35935 string characters out of 1183278
 89081 words of memory out of 1500000
 5794 multiletter control sequences out of 10000+50000
 36815 words of font info for 96 fonts, out of 1200000 for 2000
 28 hyphenation exceptions out of 8191
 30i,8n,41p,793b,312s stack positions out of 5000i,500n,6000p,200000b,5000s

Output written on trabalho_full.dvi (26 pages, 59168 bytes).
